\BOOKMARK [1][-]{section.1}{Project Description}{}% 1
\BOOKMARK [2][-]{subsection.1.1}{What is our approach, and who are our target users? How does our system help them?}{section.1}% 2
\BOOKMARK [2][-]{subsection.1.2}{State the key difference between your approach and previous approaches?}{section.1}% 3
\BOOKMARK [2][-]{subsection.1.3}{Diagram to show how our approach plugs into exiting resources?}{section.1}% 4
\BOOKMARK [2][-]{subsection.1.4}{Useful Programming Languages and tools used for this project}{section.1}% 5
\BOOKMARK [2][-]{subsection.1.5}{What are the functional requirements?}{section.1}% 6
\BOOKMARK [2][-]{subsection.1.6}{What are its non-functional requirements?}{section.1}% 7
\BOOKMARK [2][-]{subsection.1.7}{What other documentations will we provide to help our users understand and use our system?}{section.1}% 8
\BOOKMARK [2][-]{subsection.1.8}{What are the major features of the system that make it so effective and useful?}{section.1}% 9
\BOOKMARK [1][-]{section.2}{Use Cases}{}% 10
\BOOKMARK [2][-]{subsection.2.1}{Scenario 1:}{section.2}% 11
\BOOKMARK [2][-]{subsection.2.2}{Scenario 2:}{section.2}% 12
\BOOKMARK [2][-]{subsection.2.3}{Scenario 3:}{section.2}% 13
\BOOKMARK [2][-]{subsection.2.4}{Why these scenarios are helpful}{section.2}% 14
\BOOKMARK [2][-]{subsection.2.5}{Error Scenarios}{section.2}% 15
\BOOKMARK [1][-]{section.3}{Planning}{}% 16
\BOOKMARK [2][-]{subsection.3.1}{Milestones \046 Tasks}{section.3}% 17
\BOOKMARK [2][-]{subsection.3.2}{Schedule and Timeline}{section.3}% 18
\BOOKMARK [2][-]{subsection.3.3}{Project tracking}{section.3}% 19
\BOOKMARK [2][-]{subsection.3.4}{Risk Management}{section.3}% 20
\BOOKMARK [1][-]{section.4}{Meeting Report}{}% 21
\BOOKMARK [2][-]{subsection.4.1}{Progress Made}{section.4}% 22
\BOOKMARK [2][-]{subsection.4.2}{Next Week Goals}{section.4}% 23
\BOOKMARK [2][-]{subsection.4.3}{Contributions}{section.4}% 24
\BOOKMARK [2][-]{subsection.4.4}{Customer}{section.4}% 25
\BOOKMARK [1][-]{section.5}{Citations: }{}% 26
